Build started 4/15/2015 7:09:49 PM.
     1>Project "D:\Nick\Documents\RedHawkQuad\Groundstation\DetectAlvar\DetectAlvar.vcxproj" on node 2 (Build target(s)).
     1>Link:
         D:\Program Files (x86)\Microsoft Visual Studio 12.0\VC\bin\link.exe /ERRORREPORT:PROMPT /OUT:"D:\Nick\Documents\RedHawkQuad\Groundstation\Debug\DetectAlvar.exe" /INCREMENTAL /NOLOGO /LIBPATH:D:\OpenCV\build\x86\vc12\lib /LIBPATH:"C:\Program Files (x86)\ALVAR 2.0.0 sdk win32 vs2010\bin" /LIBPATH:"D:\glut-3.7.6-bin" alvar200.lib alvar200d.lib alvarplatform200.lib alvarplatform200d.lib kernel32.lib user32.lib gdi32.lib winspool.lib comdlg32.lib glut32.lib advapi32.lib shell32.lib ole32.lib oleaut32.lib uuid.lib odbc32.lib odbccp32.lib opencv_calib3d2410.lib opencv_core2410.lib opencv_flann2410.lib opencv_highgui2410.lib opencv_legacy2410.lib opencv_nonfree2410.lib opencv_ocl2410.lib opencv_stitching2410.lib opencv_ts2410.lib opencv_videostab2410.lib opencv_calib3d2410d.lib opencv_core2410d.lib opencv_flann2410d.lib opencv_highgui2410d.lib opencv_legacy2410d.lib opencv_nonfree2410d.lib opencv_ocl2410d.lib opencv_stitching2410d.lib opencv_ts2410d.lib opencv_videostab2410d.lib opencv_contrib2410.lib opencv_features2d2410.lib opencv_gpu2410.lib opencv_imgproc2410.lib opencv_ml2410.lib opencv_objdetect2410.lib opencv_photo2410.lib opencv_superres2410.lib opencv_video2410.lib opencv_contrib2410d.lib opencv_features2d2410d.lib opencv_gpu2410d.lib opencv_imgproc2410d.lib opencv_ml2410d.lib opencv_objdetect2410d.lib opencv_photo2410d.lib opencv_superres2410d.lib opencv_video2410d.lib kernel32.lib user32.lib gdi32.lib winspool.lib comdlg32.lib advapi32.lib shell32.lib ole32.lib oleaut32.lib uuid.lib odbc32.lib odbccp32.lib /MANIFEST /MANIFESTUAC:"level='asInvoker' uiAccess='false'" /manifest:embed /DEBUG /PDB:"D:\Nick\Documents\RedHawkQuad\Groundstation\Debug\DetectAlvar.pdb" /SUBSYSTEM:CONSOLE /TLBID:1 /DYNAMICBASE /NXCOMPAT /IMPLIB:"D:\Nick\Documents\RedHawkQuad\Groundstation\Debug\DetectAlvar.lib" /MACHINE:X86 Debug\DetectAlvar.obj
     1>DetectAlvar.obj : error LNK2019: unresolved external symbol "public: static class CvTestbed & __cdecl CvTestbed::Instance(void)" (?Instance@CvTestbed@@SAAAV1@XZ) referenced in function "void __cdecl videocallback(struct _IplImage *)" (?videocallback@@YAXPAU_IplImage@@@Z)
     1>DetectAlvar.obj : error LNK2019: unresolved external symbol "public: void __thiscall CvTestbed::SetVideoCallback(void (__cdecl*)(struct _IplImage *))" (?SetVideoCallback@CvTestbed@@QAEXP6AXPAU_IplImage@@@Z@Z) referenced in function _main
     1>DetectAlvar.obj : error LNK2019: unresolved external symbol "public: bool __thiscall CvTestbed::StartVideo(class alvar::Capture *,char const *)" (?StartVideo@CvTestbed@@QAE_NPAVCapture@alvar@@PBD@Z) referenced in function _main
     1>DetectAlvar.obj : error LNK2019: unresolved external symbol "public: struct _IplImage * __thiscall CvTestbed::CreateImageWithProto(char const *,struct _IplImage *,int,int)" (?CreateImageWithProto@CvTestbed@@QAEPAU_IplImage@@PBDPAU2@HH@Z) referenced in function "void __cdecl videocallback(struct _IplImage *)" (?videocallback@@YAXPAU_IplImage@@@Z)
     1>DetectAlvar.obj : error LNK2019: unresolved external symbol "public: __thiscall Drawable::Drawable(double,double,double,double)" (??0Drawable@@QAE@NNNN@Z) referenced in function "public: void __thiscall Drawable::`default constructor closure'(void)" (??_FDrawable@@QAEXXZ)
     1>DetectAlvar.obj : error LNK2019: unresolved external symbol "public: void __thiscall Drawable::SetScale(double)" (?SetScale@Drawable@@QAEXN@Z) referenced in function "void __cdecl videocallback(struct _IplImage *)" (?videocallback@@YAXPAU_IplImage@@@Z)
     1>DetectAlvar.obj : error LNK2019: unresolved external symbol "public: void __thiscall Drawable::SetColor(double,double,double)" (?SetColor@Drawable@@QAEXNNN@Z) referenced in function "void __cdecl videocallback(struct _IplImage *)" (?videocallback@@YAXPAU_IplImage@@@Z)
     1>DetectAlvar.obj : error LNK2019: unresolved external symbol "void __cdecl GlutViewer::Start(int,char * *,int,int,float)" (?Start@GlutViewer@@YAXHPAPADHHM@Z) referenced in function _main
     1>DetectAlvar.obj : error LNK2019: unresolved external symbol "void __cdecl GlutViewer::DrawableClear(void)" (?DrawableClear@GlutViewer@@YAXXZ) referenced in function "void __cdecl videocallback(struct _IplImage *)" (?videocallback@@YAXPAU_IplImage@@@Z)
     1>DetectAlvar.obj : error LNK2019: unresolved external symbol "void __cdecl GlutViewer::DrawableAdd(class Drawable *)" (?DrawableAdd@GlutViewer@@YAXPAVDrawable@@@Z) referenced in function "void __cdecl videocallback(struct _IplImage *)" (?videocallback@@YAXPAU_IplImage@@@Z)
     1>DetectAlvar.obj : error LNK2019: unresolved external symbol "void __cdecl GlutViewer::SetGlProjectionMatrix(double * const)" (?SetGlProjectionMatrix@GlutViewer@@YAXQAN@Z) referenced in function "void __cdecl videocallback(struct _IplImage *)" (?videocallback@@YAXPAU_IplImage@@@Z)
     1>D:\Nick\Documents\RedHawkQuad\Groundstation\Debug\DetectAlvar.exe : fatal error LNK1120: 11 unresolved externals
     1>Done Building Project "D:\Nick\Documents\RedHawkQuad\Groundstation\DetectAlvar\DetectAlvar.vcxproj" (Build target(s)) -- FAILED.

Build FAILED.

Time Elapsed 00:00:03.86
