Build started 4/3/2014 2:42:58 PM.
     1>Project "c:\Users\Tyler\documents\visual studio 2013\Projects\ECE387GroupProject\ECE387GroupProject\ECE387GroupProject.vcxproj" on node 2 (Build target(s)).
     1>Link:
         C:\Program Files (x86)\Microsoft Visual Studio 12.0\VC\bin\link.exe /ERRORREPORT:PROMPT /OUT:"c:\users\tyler\documents\visual studio 2013\Projects\ECE387GroupProject\Debug\ECE387GroupProject.exe" /INCREMENTAL /NOLOGO /LIBPATH:C:\opencv\build\x64\vc12\lib opencv_stitching248d.lib opencv_superres248d.lib opencv_ts248d.lib opencv_video248d.lib opencv_videostab248d.lib opencv_calib3d248d.lib opencv_contrib248d.lib opencv_core248d.lib opencv_features2d248d.lib opencv_flann248d.lib opencv_gpu248d.lib opencv_highgui248d.lib opencv_imgproc248d.lib opencv_legacy248d.lib opencv_ml248d.lib opencv_nonfree248d.lib opencv_objdetect248d.lib opencv_ocl248d.lib opencv_photo248d.lib kernel32.lib user32.lib gdi32.lib winspool.lib comdlg32.lib advapi32.lib shell32.lib ole32.lib oleaut32.lib uuid.lib odbc32.lib odbccp32.lib /MANIFEST /MANIFESTUAC:"level='asInvoker' uiAccess='false'" /manifest:embed /DEBUG /PDB:"c:\users\tyler\documents\visual studio 2013\Projects\ECE387GroupProject\Debug\ECE387GroupProject.pdb" /SUBSYSTEM:CONSOLE /TLBID:1 /DYNAMICBASE /NXCOMPAT /IMPLIB:"c:\users\tyler\documents\visual studio 2013\Projects\ECE387GroupProject\Debug\ECE387GroupProject.lib" /MACHINE:X86 Debug\drawing.obj
     1>opencv_core248d.lib(opencv_core248d.dll) : fatal error LNK1112: module machine type 'x64' conflicts with target machine type 'X86'
     1>Done Building Project "c:\Users\Tyler\documents\visual studio 2013\Projects\ECE387GroupProject\ECE387GroupProject\ECE387GroupProject.vcxproj" (Build target(s)) -- FAILED.

Build FAILED.

Time Elapsed 00:00:00.08
